<?xml version="1.0" encoding="UTF-8"?>
<testsuite name="MariaDBTest" tests="1" skipped="0" failures="0" errors="0" timestamp="2021-05-12T14:32:23" hostname="DESKTOP-UK9VMDU" time="0.624">
  <properties/>
  <testcase name="test()" classname="MariaDBTest" time="0.624"/>
  <system-out><![CDATA[org.mariadb.jdbc.MariaDbConnection@3357c86c
]]></system-out>
  <system-err><![CDATA[]]></system-err>
</testsuite>
