<?xml version="1.0" encoding="UTF-8"?>
<testsuite name="MariaDBTest" tests="1" skipped="0" failures="0" errors="0" timestamp="2021-06-03T03:01:49" hostname="DESKTOP-UK9VMDU" time="0.362">
  <properties/>
  <testcase name="test()" classname="MariaDBTest" time="0.362"/>
  <system-out><![CDATA[org.mariadb.jdbc.MariaDbConnection@5a2fc10f
]]></system-out>
  <system-err><![CDATA[]]></system-err>
</testsuite>
