<?xml version="1.0" encoding="UTF-8"?>
<testsuite name="MariaDBTest" tests="1" skipped="0" failures="0" errors="0" timestamp="2021-07-04T03:25:34" hostname="DESKTOP-UK9VMDU" time="6.363">
  <properties/>
  <testcase name="test()" classname="MariaDBTest" time="6.363"/>
  <system-out><![CDATA[com.mysql.cj.jdbc.ConnectionImpl@3012da98
]]></system-out>
  <system-err><![CDATA[]]></system-err>
</testsuite>
