<?xml version="1.0" encoding="UTF-8"?>
<testsuite name="MariaDBTest" tests="1" skipped="0" failures="0" errors="0" timestamp="2021-07-04T16:18:44" hostname="DESKTOP-UK9VMDU" time="6.692">
  <properties/>
  <testcase name="test()" classname="MariaDBTest" time="6.692"/>
  <system-out><![CDATA[com.mysql.cj.jdbc.ConnectionImpl@7bb4119b
]]></system-out>
  <system-err><![CDATA[]]></system-err>
</testsuite>
