<?xml version="1.0" encoding="UTF-8"?>
<testsuite name="MariaDBTest" tests="1" skipped="0" failures="0" errors="0" timestamp="2021-07-15T11:05:52" hostname="DESKTOP-UK9VMDU" time="5.769">
  <properties/>
  <testcase name="test()" classname="MariaDBTest" time="5.769"/>
  <system-out><![CDATA[windows 10
com.mysql.cj.jdbc.ConnectionImpl@3012da98
]]></system-out>
  <system-err><![CDATA[]]></system-err>
</testsuite>
